Arguments: 
  /home/linuxbrew/.linuxbrew/Cellar/node/10.4.0/bin/node /home/linuxbrew/.linuxbrew/bin/yarn add browser-compat-data nightmare

PATH: 
  /home/amila/.cargo/bin:/home/amila/.cargo/bin:/home/linuxbrew/.linuxbrew/bin:/usr/local/sbin:/usr/local/bin:/usr/sbin:/usr/bin:/sbin:/bin:/usr/games:/usr/local/games:/snap/bin

Yarn version: 
  1.7.0

Node version: 
  10.4.0

Platform: 
  linux x64

Trace: 
  Error: https://registry.yarnpkg.com/browser-compat-data: Not found
      at Request.params.callback [as _callback] (/home/linuxbrew/.linuxbrew/lib/node_modules/yarn/lib/cli.js:65656:18)
      at Request.self.callback (/home/linuxbrew/.linuxbrew/lib/node_modules/yarn/lib/cli.js:134675:22)
      at Request.emit (events.js:182:13)
      at Request.<anonymous> (/home/linuxbrew/.linuxbrew/lib/node_modules/yarn/lib/cli.js:135658:10)
      at Request.emit (events.js:182:13)
      at IncomingMessage.<anonymous> (/home/linuxbrew/.linuxbrew/lib/node_modules/yarn/lib/cli.js:135578:12)
      at Object.onceWrapper (events.js:273:13)
      at IncomingMessage.emit (events.js:187:15)
      at endReadableNT (_stream_readable.js:1081:12)
      at process._tickCallback (internal/process/next_tick.js:63:19)

npm manifest: 
  {
    "name": "ast-node-type-verifier",
    "version": "1.0.0",
    "main": "index.js",
    "repository": "git@github.com:amilajack/ast-node-type-verifier.git",
    "author": "Amila Welihinda <amilaw@nvidia.com>",
    "license": "MIT"
  }

yarn manifest: 
  No manifest

Lockfile: 
  No lockfile
